Using pre-set license
Built from '2021.3/staging' branch; Version is '2021.3.5f1 (40eb3a945986) revision 4254522'; Using compiler version '192829333'; Build Type 'Release'
OS: 'Windows 10  (10.0.19044) 64bit Professional' Language: 'en' Physical Memory: 16334 MB
BatchMode: 1, IsHumanControllingUs: 0, StartBugReporterOnCrash: 0, Is64bit: 1, IsPro: 1

COMMAND LINE ARGUMENTS:
C:\Program Files\Unity\Hub\Editor\Unity 2021.3.5f1\Editor\Unity.exe
-adb2
-batchMode
-noUpm
-name
AssetImportWorker2
-projectPath
C:/Users/Anna/Documents/GAMES/OraclGame/OraclGame
-logFile
Logs/AssetImportWorker2.log
-srvPort
52644
Successfully changed project path to: C:/Users/Anna/Documents/GAMES/OraclGame/OraclGame
C:/Users/Anna/Documents/GAMES/OraclGame/OraclGame
[UnityMemory] Configuration Parameters - Can be set up in boot.config
    "memorysetup-bucket-allocator-granularity=16"
    "memorysetup-bucket-allocator-bucket-count=8"
    "memorysetup-bucket-allocator-block-size=33554432"
    "memorysetup-bucket-allocator-block-count=8"
    "memorysetup-main-allocator-block-size=16777216"
    "memorysetup-thread-allocator-block-size=16777216"
    "memorysetup-gfx-main-allocator-block-size=16777216"
    "memorysetup-gfx-thread-allocator-block-size=16777216"
    "memorysetup-cache-allocator-block-size=4194304"
    "memorysetup-typetree-allocator-block-size=2097152"
    "memorysetup-profiler-bucket-allocator-granularity=16"
    "memorysetup-profiler-bucket-allocator-bucket-count=8"
    "memorysetup-profiler-bucket-allocator-block-size=33554432"
    "memorysetup-profiler-bucket-allocator-block-count=8"
    "memorysetup-profiler-allocator-block-size=16777216"
    "memorysetup-profiler-editor-allocator-block-size=1048576"
    "memorysetup-temp-allocator-size-main=16777216"
    "memorysetup-job-temp-allocator-block-size=2097152"
    "memorysetup-job-temp-allocator-block-size-background=1048576"
    "memorysetup-job-temp-allocator-reduction-small-platforms=262144"
    "memorysetup-temp-allocator-size-background-worker=32768"
    "memorysetup-temp-allocator-size-job-worker=262144"
    "memorysetup-temp-allocator-size-preload-manager=33554432"
    "memorysetup-temp-allocator-size-nav-mesh-worker=65536"
    "memorysetup-temp-allocator-size-audio-worker=65536"
    "memorysetup-temp-allocator-size-cloud-worker=32768"
    "memorysetup-temp-allocator-size-gi-baking-worker=262144"
    "memorysetup-temp-allocator-size-gfx=262144"
Refreshing native plugins compatible for Editor in 75.42 ms, found 3 plugins.
Preloading 0 native plugins for Editor in 0.00 ms.
Initialize engine version: 2021.3.5f1 (40eb3a945986)
[Subsystems] Discovering subsystems at path C:/Program Files/Unity/Hub/Editor/Unity 2021.3.5f1/Editor/Data/Resources/UnitySubsystems
[Subsystems] Discovering subsystems at path C:/Users/Anna/Documents/GAMES/OraclGame/OraclGame/Assets
GfxDevice: creating device client; threaded=0; jobified=0
Direct3D:
    Version:  Direct3D 11.0 [level 11.1]
    Renderer: AMD Radeon RX 5600 XT (ID=0x731f)
    Vendor:   ATI
    VRAM:     6103 MB
    Driver:   30.0.13023.4001
Initialize mono
Mono path[0] = 'C:/Program Files/Unity/Hub/Editor/Unity 2021.3.5f1/Editor/Data/Managed'
Mono path[1] = 'C:/Program Files/Unity/Hub/Editor/Unity 2021.3.5f1/Editor/Data/MonoBleedingEdge/lib/mono/unityjit-win32'
Mono config path = 'C:/Program Files/Unity/Hub/Editor/Unity 2021.3.5f1/Editor/Data/MonoBleedingEdge/etc'
Using monoOptions --debugger-agent=transport=dt_socket,embedding=1,server=y,suspend=n,address=127.0.0.1:56028
Begin MonoManager ReloadAssembly
Registering precompiled unity dll's ...
Register platform support module: C:/Program Files/Unity/Hub/Editor/Unity 2021.3.5f1/Editor/Data/PlaybackEngines/WindowsStandaloneSupport/UnityEditor.WindowsStandalone.Extensions.dll
Registered in 0.007845 seconds.
Native extension for WindowsStandalone target not found
Refreshing native plugins compatible for Editor in 75.83 ms, found 3 plugins.
Preloading 0 native plugins for Editor in 0.00 ms.
Mono: successfully reloaded assembly
- Completed reload, in  0.555 seconds
Domain Reload Profiling:
	ReloadAssembly (555ms)
		BeginReloadAssembly (64ms)
			ExecutionOrderSort (0ms)
			DisableScriptedObjects (0ms)
			BackupInstance (0ms)
			ReleaseScriptingObjects (0ms)
			CreateAndSetChildDomain (1ms)
		EndReloadAssembly (391ms)
			LoadAssemblies (62ms)
			RebuildTransferFunctionScriptingTraits (0ms)
			SetupTypeCache (85ms)
			ReleaseScriptCaches (0ms)
			RebuildScriptCaches (26ms)
			SetupLoadedEditorAssemblies (237ms)
				LogAssemblyErrors (0ms)
				InitializePlatformSupportModulesInManaged (8ms)
				SetLoadedEditorAssemblies (0ms)
				RefreshPlugins (76ms)
				BeforeProcessingInitializeOnLoad (1ms)
				ProcessInitializeOnLoadAttributes (115ms)
				ProcessInitializeOnLoadMethodAttributes (37ms)
				AfterProcessingInitializeOnLoad (0ms)
				EditorAssembliesLoaded (0ms)
			ExecutionOrderSort2 (0ms)
			AwakeInstancesAfterBackupRestoration (0ms)
Platform modules already initialized, skipping
Registering precompiled user dll's ...
Registered in 0.005744 seconds.
Begin MonoManager ReloadAssembly
Symbol file LoadedFromMemory doesn't match image C:\Users\Anna\Documents\GAMES\OraclGame\OraclGame\Library\PackageCache\com.unity.visualscripting@1.7.8\Editor\VisualScripting.Core\Dependencies\YamlDotNet\Unity.VisualScripting.YamlDotNet.dll
Symbol file LoadedFromMemory doesn't match image C:\Users\Anna\Documents\GAMES\OraclGame\OraclGame\Library\PackageCache\com.unity.visualscripting@1.7.8\Editor\VisualScripting.Core\Dependencies\DotNetZip\Unity.VisualScripting.IonicZip.dll
Native extension for WindowsStandalone target not found
Refreshing native plugins compatible for Editor in 0.57 ms, found 3 plugins.
Preloading 0 native plugins for Editor in 0.00 ms.
Mono: successfully reloaded assembly
- Completed reload, in  0.889 seconds
Domain Reload Profiling:
	ReloadAssembly (889ms)
		BeginReloadAssembly (94ms)
			ExecutionOrderSort (0ms)
			DisableScriptedObjects (5ms)
			BackupInstance (0ms)
			ReleaseScriptingObjects (0ms)
			CreateAndSetChildDomain (15ms)
		EndReloadAssembly (691ms)
			LoadAssemblies (68ms)
			RebuildTransferFunctionScriptingTraits (0ms)
			SetupTypeCache (221ms)
			ReleaseScriptCaches (1ms)
			RebuildScriptCaches (49ms)
			SetupLoadedEditorAssemblies (310ms)
				LogAssemblyErrors (0ms)
				InitializePlatformSupportModulesInManaged (6ms)
				SetLoadedEditorAssemblies (0ms)
				RefreshPlugins (1ms)
				BeforeProcessingInitializeOnLoad (80ms)
				ProcessInitializeOnLoadAttributes (192ms)
				ProcessInitializeOnLoadMethodAttributes (23ms)
				AfterProcessingInitializeOnLoad (9ms)
				EditorAssembliesLoaded (0ms)
			ExecutionOrderSort2 (0ms)
			AwakeInstancesAfterBackupRestoration (4ms)
Platform modules already initialized, skipping
========================================================================
Worker process is ready to serve import requests
Launched and connected shader compiler UnityShaderCompiler.exe after 0.04 seconds
Refreshing native plugins compatible for Editor in 0.57 ms, found 3 plugins.
Preloading 0 native plugins for Editor in 0.00 ms.
Unloading 3368 Unused Serialized files (Serialized files now loaded: 0)
Unloading 27 unused Assets / (111.2 KB). Loaded Objects now: 3843.
Memory consumption went from 135.3 MB to 135.2 MB.
Total: 2.788300 ms (FindLiveObjects: 0.260200 ms CreateObjectMapping: 0.105000 ms MarkObjects: 2.322700 ms  DeleteObjects: 0.099100 ms)

AssetImportParameters requested are different than current active one (requested -> active):
  custom:video-decoder-ogg-theora: a1e56fd34408186e4bbccfd4996cb3dc -> 
  custom:container-muxer-webm: aa71ff27fc2769a1b78a27578f13a17b -> 
  custom:container-demuxer-webm: 4f35f7cbe854078d1ac9338744f61a02 -> 
  custom:video-encoder-webm-vp8: eb34c28f22e8b96e1ab97ce403110664 -> 
  custom:audio-encoder-webm-vorbis: bf7c407c2cedff20999df2af8eb42d56 -> 
  custom:framework-win-MediaFoundation: 216162199b28c13a410421893ffa2e32 -> 
  custom:container-demuxer-ogg: 62fdf1f143b41e24485cea50d1cbac27 -> 
  custom:video-decoder-webm-vp8: 9c59270c3fd7afecdb556c50c9e8de78 -> 
  custom:audio-decoder-ogg-vorbis: bf7c407c2cedff20999df2af8eb42d56 -> 
========================================================================
Received Import Request.
  Time since last request: 211420.256662 seconds.
  path: Assets/Enviroment Objs/mayan-temple/Models/Standard
  artifactKey: Guid(e2ad12b5ac8d65c499f3ad2c78b396dd) Importer(815301076,1909f56bfc062723c751e8b465ee728b)
Start importing Assets/Enviroment Objs/mayan-temple/Models/Standard using Guid(e2ad12b5ac8d65c499f3ad2c78b396dd) Importer(815301076,1909f56bfc062723c751e8b465ee728b)  -> (artifact id: 'a1c9f57450ac8153ca63ec3f40bf2ee2') in 0.006683 seconds 
========================================================================
Received Import Request.
  Time since last request: 0.060238 seconds.
  path: Assets/Enviroment Objs/mayan-temple/Models/Standard/arch.fbx
  artifactKey: Guid(90dcc9ea92747cf4b810bb6846f7cf67) Importer(815301076,1909f56bfc062723c751e8b465ee728b)
Start importing Assets/Enviroment Objs/mayan-temple/Models/Standard/arch.fbx using Guid(90dcc9ea92747cf4b810bb6846f7cf67) Importer(815301076,1909f56bfc062723c751e8b465ee728b)  -> (artifact id: '4c64a7997e7f4a38d75ecaea558e7b56') in 0.221564 seconds 
========================================================================
Received Import Request.
  Time since last request: 0.000022 seconds.
  path: Assets/Enviroment Objs/mayan-temple/Models/Standard/stair_bottom_2_wide.fbx
  artifactKey: Guid(03e63953fdb360c44ad27f9a77fde3a5) Importer(815301076,1909f56bfc062723c751e8b465ee728b)
Start importing Assets/Enviroment Objs/mayan-temple/Models/Standard/stair_bottom_2_wide.fbx using Guid(03e63953fdb360c44ad27f9a77fde3a5) Importer(815301076,1909f56bfc062723c751e8b465ee728b)  -> (artifact id: '601ee58a10235f6aa115b02d7d2d7034') in 0.022706 seconds 
========================================================================
Received Import Request.
  Time since last request: 0.000028 seconds.
  path: Assets/Enviroment Objs/mayan-temple/Models/Standard/floor_03_plane.fbx
  artifactKey: Guid(97b3acded08e151478b00afe47d7397f) Importer(815301076,1909f56bfc062723c751e8b465ee728b)
Start importing Assets/Enviroment Objs/mayan-temple/Models/Standard/floor_03_plane.fbx using Guid(97b3acded08e151478b00afe47d7397f) Importer(815301076,1909f56bfc062723c751e8b465ee728b)  -> (artifact id: 'b9767ffbac373b2c03be08024f4be4e8') in 0.018906 seconds 
========================================================================
Received Import Request.
  Time since last request: 0.000021 seconds.
  path: Assets/Enviroment Objs/mayan-temple/Models/Standard/floor_divider_01.fbx
  artifactKey: Guid(ed8e9951f85865649b10a3b7673bbdf1) Importer(815301076,1909f56bfc062723c751e8b465ee728b)
Start importing Assets/Enviroment Objs/mayan-temple/Models/Standard/floor_divider_01.fbx using Guid(ed8e9951f85865649b10a3b7673bbdf1) Importer(815301076,1909f56bfc062723c751e8b465ee728b)  -> (artifact id: 'f6e7f24af46ae28458ebdba3d613b5d9') in 0.019210 seconds 
========================================================================
Received Import Request.
  Time since last request: 0.000019 seconds.
  path: Assets/Enviroment Objs/mayan-temple/Models/Standard/floor_divider_02.fbx
  artifactKey: Guid(4405807d27216564db92f67f2cc395a6) Importer(815301076,1909f56bfc062723c751e8b465ee728b)
Start importing Assets/Enviroment Objs/mayan-temple/Models/Standard/floor_divider_02.fbx using Guid(4405807d27216564db92f67f2cc395a6) Importer(815301076,1909f56bfc062723c751e8b465ee728b)  -> (artifact id: 'ad1b1a986691406d5a5ace6f46992188') in 0.017818 seconds 
========================================================================
Received Import Request.
  Time since last request: 0.000019 seconds.
  path: Assets/Enviroment Objs/mayan-temple/Models/Standard/stair_tile_2_wide.fbx
  artifactKey: Guid(2d44bc13968cb3a458ba1592b73e4132) Importer(815301076,1909f56bfc062723c751e8b465ee728b)
Start importing Assets/Enviroment Objs/mayan-temple/Models/Standard/stair_tile_2_wide.fbx using Guid(2d44bc13968cb3a458ba1592b73e4132) Importer(815301076,1909f56bfc062723c751e8b465ee728b)  -> (artifact id: '76c0282a4fcc6c46f8b6beca0b7ecf1d') in 0.018439 seconds 
========================================================================
Received Import Request.
  Time since last request: 0.000021 seconds.
  path: Assets/Enviroment Objs/mayan-temple/Models/Standard/wall_corner_concave.fbx
  artifactKey: Guid(36f7bbf3c892c6c43be85b1d8b1b028c) Importer(815301076,1909f56bfc062723c751e8b465ee728b)
Start importing Assets/Enviroment Objs/mayan-temple/Models/Standard/wall_corner_concave.fbx using Guid(36f7bbf3c892c6c43be85b1d8b1b028c) Importer(815301076,1909f56bfc062723c751e8b465ee728b)  -> (artifact id: 'dcb1c1ee99abc63e5f32ec9988bfc350') in 0.016877 seconds 
========================================================================
Received Import Request.
  Time since last request: 0.000015 seconds.
  path: Assets/Enviroment Objs/mayan-temple/Models/Standard/wall_end.fbx
  artifactKey: Guid(675e859609769a9419a1e61ccd894c13) Importer(815301076,1909f56bfc062723c751e8b465ee728b)
Start importing Assets/Enviroment Objs/mayan-temple/Models/Standard/wall_end.fbx using Guid(675e859609769a9419a1e61ccd894c13) Importer(815301076,1909f56bfc062723c751e8b465ee728b)  -> (artifact id: 'e67791aa95c015112a28df11a82d30a2') in 0.019010 seconds 
========================================================================
Received Import Request.
  Time since last request: 0.000016 seconds.
  path: Assets/Enviroment Objs/mayan-temple/Models/Standard/wall_01.fbx
  artifactKey: Guid(305510f59bf673d4da9fd79fc2132e6a) Importer(815301076,1909f56bfc062723c751e8b465ee728b)
Start importing Assets/Enviroment Objs/mayan-temple/Models/Standard/wall_01.fbx using Guid(305510f59bf673d4da9fd79fc2132e6a) Importer(815301076,1909f56bfc062723c751e8b465ee728b)  -> (artifact id: 'bd5a55a41478e9d5e98eca68d6e80c08') in 0.017654 seconds 
========================================================================
Received Import Request.
  Time since last request: 0.000019 seconds.
  path: Assets/Enviroment Objs/mayan-temple/Models/Standard/wall_corner_x.fbx
  artifactKey: Guid(dcf76b4dd01f87c4abc4a8796262a040) Importer(815301076,1909f56bfc062723c751e8b465ee728b)
Start importing Assets/Enviroment Objs/mayan-temple/Models/Standard/wall_corner_x.fbx using Guid(dcf76b4dd01f87c4abc4a8796262a040) Importer(815301076,1909f56bfc062723c751e8b465ee728b)  -> (artifact id: '7fbcec65efc0c9852d97577d82ec792e') in 0.017371 seconds 
========================================================================
Received Import Request.
  Time since last request: 0.000013 seconds.
  path: Assets/Enviroment Objs/mayan-temple/Models/Standard/pyramid_small.fbx
  artifactKey: Guid(207397dbab397254ab4c76134a31b62c) Importer(815301076,1909f56bfc062723c751e8b465ee728b)
Start importing Assets/Enviroment Objs/mayan-temple/Models/Standard/pyramid_small.fbx using Guid(207397dbab397254ab4c76134a31b62c) Importer(815301076,1909f56bfc062723c751e8b465ee728b)  -> (artifact id: '6dbcc3b03e5392d2491d9ea8ea6e7b34') in 0.017068 seconds 
========================================================================
Received Import Request.
  Time since last request: 12.899127 seconds.
  path: Assets/Enviroment Objs/mayan-temple/Models/Mobile/mobile_wall_end.fbx
  artifactKey: Guid(41df5db4b002ff44e847493543eabb95) Importer(815301076,1909f56bfc062723c751e8b465ee728b)
Start importing Assets/Enviroment Objs/mayan-temple/Models/Mobile/mobile_wall_end.fbx using Guid(41df5db4b002ff44e847493543eabb95) Importer(815301076,1909f56bfc062723c751e8b465ee728b)  -> (artifact id: '78f7e3380e6a510c1672844f503e1076') in 0.021497 seconds 
========================================================================
Received Import Request.
  Time since last request: 0.000024 seconds.
  path: Assets/Enviroment Objs/mayan-temple/Models/Mobile/mobile_floor_divider_01.fbx
  artifactKey: Guid(0629bda98110e0a4b8763c33191640e7) Importer(815301076,1909f56bfc062723c751e8b465ee728b)
Start importing Assets/Enviroment Objs/mayan-temple/Models/Mobile/mobile_floor_divider_01.fbx using Guid(0629bda98110e0a4b8763c33191640e7) Importer(815301076,1909f56bfc062723c751e8b465ee728b)  -> (artifact id: '547dc7bd35437ff924ce6ea46dab144f') in 0.020206 seconds 
========================================================================
Received Import Request.
  Time since last request: 0.000023 seconds.
  path: Assets/Enviroment Objs/mayan-temple/Models/Mobile/mobile_stair_tile_2_wide.fbx
  artifactKey: Guid(0f67385a3efec4948bc630b6fb2d10d0) Importer(815301076,1909f56bfc062723c751e8b465ee728b)
Start importing Assets/Enviroment Objs/mayan-temple/Models/Mobile/mobile_stair_tile_2_wide.fbx using Guid(0f67385a3efec4948bc630b6fb2d10d0) Importer(815301076,1909f56bfc062723c751e8b465ee728b)  -> (artifact id: 'c1dac1451a0dbbef1476c57ff3eb6f3c') in 0.018062 seconds 
========================================================================
Received Import Request.
  Time since last request: 0.000020 seconds.
  path: Assets/Enviroment Objs/mayan-temple/Models/Mobile/mobile_pillar_02.fbx
  artifactKey: Guid(d40829a81f466f944acf892067ff132a) Importer(815301076,1909f56bfc062723c751e8b465ee728b)
Start importing Assets/Enviroment Objs/mayan-temple/Models/Mobile/mobile_pillar_02.fbx using Guid(d40829a81f466f944acf892067ff132a) Importer(815301076,1909f56bfc062723c751e8b465ee728b)  -> (artifact id: 'e6087930234693e175fbe3c9355da1a8') in 0.017652 seconds 
========================================================================
Received Import Request.
  Time since last request: 0.000023 seconds.
  path: Assets/Enviroment Objs/mayan-temple/Models/Mobile/mobile_floor_divider_hub.fbx
  artifactKey: Guid(e05f75738c6329841833988f81e9fc98) Importer(815301076,1909f56bfc062723c751e8b465ee728b)
Start importing Assets/Enviroment Objs/mayan-temple/Models/Mobile/mobile_floor_divider_hub.fbx using Guid(e05f75738c6329841833988f81e9fc98) Importer(815301076,1909f56bfc062723c751e8b465ee728b)  -> (artifact id: '9762c64e42ff20bb732d8b3cf0645d73') in 0.018317 seconds 
========================================================================
Received Import Request.
  Time since last request: 0.000032 seconds.
  path: Assets/Enviroment Objs/mayan-temple/Models/Mobile/mobile_door_01.fbx
  artifactKey: Guid(bde873372b4a5cf4aab521922c60589d) Importer(815301076,1909f56bfc062723c751e8b465ee728b)
Start importing Assets/Enviroment Objs/mayan-temple/Models/Mobile/mobile_door_01.fbx using Guid(bde873372b4a5cf4aab521922c60589d) Importer(815301076,1909f56bfc062723c751e8b465ee728b)  -> (artifact id: '737fda7a4674d0b4efa4f4a939e7f558') in 0.033933 seconds 
========================================================================
Received Import Request.
  Time since last request: 1.228503 seconds.
  path: Assets/Enviroment Objs/mayan-temple/Models/Mobile/mobile_vines_02.fbx
  artifactKey: Guid(beadcf7d9f8291b4f8ad8002e295fb17) Importer(815301076,1909f56bfc062723c751e8b465ee728b)
Start importing Assets/Enviroment Objs/mayan-temple/Models/Mobile/mobile_vines_02.fbx using Guid(beadcf7d9f8291b4f8ad8002e295fb17) Importer(815301076,1909f56bfc062723c751e8b465ee728b)  -> (artifact id: '845dffdaf7dcd5adef9eed81fec037da') in 0.189128 seconds 
========================================================================
Received Import Request.
  Time since last request: 7.763181 seconds.
  path: Assets/Materials/Concrete Wall
  artifactKey: Guid(a6c5763aba5bd644197dc9267c54607a) Importer(815301076,1909f56bfc062723c751e8b465ee728b)
Start importing Assets/Materials/Concrete Wall using Guid(a6c5763aba5bd644197dc9267c54607a) Importer(815301076,1909f56bfc062723c751e8b465ee728b)  -> (artifact id: 'ecdfe6c826aece244d6cc9cc3921edb6') in 0.002527 seconds 
========================================================================
Received Import Request.
  Time since last request: 0.059026 seconds.
  path: Assets/Materials/Concrete Wall/ConcreteWall_Albedo.tga
  artifactKey: Guid(4fb9d497815a8cb41960cfed3615b32a) Importer(815301076,1909f56bfc062723c751e8b465ee728b)
Start importing Assets/Materials/Concrete Wall/ConcreteWall_Albedo.tga using Guid(4fb9d497815a8cb41960cfed3615b32a) Importer(815301076,1909f56bfc062723c751e8b465ee728b)  -> (artifact id: '6fdfb376a3184cdadbcc882283c2e503') in 0.022578 seconds 
========================================================================
Received Import Request.
  Time since last request: 7.442370 seconds.
  path: Assets/Materials/Asphalt
  artifactKey: Guid(278e1b9126120dc49ad513cc2a4f6552) Importer(815301076,1909f56bfc062723c751e8b465ee728b)
Start importing Assets/Materials/Asphalt using Guid(278e1b9126120dc49ad513cc2a4f6552) Importer(815301076,1909f56bfc062723c751e8b465ee728b)  -> (artifact id: '58d7beec4e6470407ee299a31a70ef14') in 0.001614 seconds 
========================================================================
Received Import Request.
  Time since last request: 0.062596 seconds.
  path: Assets/Materials/Asphalt/Asphalt_Albedo.tga
  artifactKey: Guid(8c2e9fb6a8e41404a9b95006fa8f6e9f) Importer(815301076,1909f56bfc062723c751e8b465ee728b)
Start importing Assets/Materials/Asphalt/Asphalt_Albedo.tga using Guid(8c2e9fb6a8e41404a9b95006fa8f6e9f) Importer(815301076,1909f56bfc062723c751e8b465ee728b)  -> (artifact id: '999f1baa5b32250cf23b3626e26e0189') in 0.010840 seconds 
========================================================================
Received Import Request.
  Time since last request: 113.040900 seconds.
  path: Assets/Scenes
  artifactKey: Guid(6ea315d0fd7389c41b19996891e99ae3) Importer(815301076,1909f56bfc062723c751e8b465ee728b)
Start importing Assets/Scenes using Guid(6ea315d0fd7389c41b19996891e99ae3) Importer(815301076,1909f56bfc062723c751e8b465ee728b)  -> (artifact id: 'b8193726cff86800c54781cdc6d54904') in 0.001304 seconds 
========================================================================
Received Import Request.
  Time since last request: 5.739406 seconds.
  path: Assets/Prefabs
  artifactKey: Guid(45ec68342f0acda4c8ed69bb9a3dc443) Importer(815301076,1909f56bfc062723c751e8b465ee728b)
Start importing Assets/Prefabs using Guid(45ec68342f0acda4c8ed69bb9a3dc443) Importer(815301076,1909f56bfc062723c751e8b465ee728b)  -> (artifact id: '4b1c4196a305cd67c0671a4d552ddfd2') in 0.001488 seconds 
========================================================================
Received Import Request.
  Time since last request: 11.025656 seconds.
  path: Assets/Scripts
  artifactKey: Guid(6eb0ceee02d25af42b2abe6ee367bd73) Importer(815301076,1909f56bfc062723c751e8b465ee728b)
Start importing Assets/Scripts using Guid(6eb0ceee02d25af42b2abe6ee367bd73) Importer(815301076,1909f56bfc062723c751e8b465ee728b)  -> (artifact id: 'ce70d9655fc4d9f0830962eda1d9d8a4') in 0.001580 seconds 
========================================================================
Received Import Request.
  Time since last request: 184.460459 seconds.
  path: Assets/Thirdparty/Ciathyza/Gridbox Prototype Materials
  artifactKey: Guid(6a2861bb1fc2bf549863c6fc8bd13f3b) Importer(815301076,1909f56bfc062723c751e8b465ee728b)
Start importing Assets/Thirdparty/Ciathyza/Gridbox Prototype Materials using Guid(6a2861bb1fc2bf549863c6fc8bd13f3b) Importer(815301076,1909f56bfc062723c751e8b465ee728b)  -> (artifact id: '8c0cc8d8c11adee1702803d74d60c448') in 0.001405 seconds 
========================================================================
Received Import Request.
  Time since last request: 1.106098 seconds.
  path: Assets/Thirdparty/Ciathyza/Gridbox Prototype Materials/Materials
  artifactKey: Guid(399cff2d68318a946838ccb784ef4c77) Importer(815301076,1909f56bfc062723c751e8b465ee728b)
Start importing Assets/Thirdparty/Ciathyza/Gridbox Prototype Materials/Materials using Guid(399cff2d68318a946838ccb784ef4c77) Importer(815301076,1909f56bfc062723c751e8b465ee728b)  -> (artifact id: '777499e6d55bd099ae4bcb964ffa440a') in 0.001148 seconds 
========================================================================
Received Import Request.
  Time since last request: 1.122406 seconds.
  path: Assets/Thirdparty/Ciathyza/Gridbox Prototype Materials/Materials/Standard
  artifactKey: Guid(5b101da68e9261049841c73c48f7a8d9) Importer(815301076,1909f56bfc062723c751e8b465ee728b)
Start importing Assets/Thirdparty/Ciathyza/Gridbox Prototype Materials/Materials/Standard using Guid(5b101da68e9261049841c73c48f7a8d9) Importer(815301076,1909f56bfc062723c751e8b465ee728b)  -> (artifact id: 'ca8672d6437d955e0c939b5d623a92fb') in 0.001152 seconds 
========================================================================
Received Import Request.
  Time since last request: 0.072809 seconds.
  path: Assets/Thirdparty/Ciathyza/Gridbox Prototype Materials/Materials/Standard/Prototype_512x512_Blue1.mat
  artifactKey: Guid(663834164c6a04740aaa1b778249ce7e) Importer(815301076,1909f56bfc062723c751e8b465ee728b)
Start importing Assets/Thirdparty/Ciathyza/Gridbox Prototype Materials/Materials/Standard/Prototype_512x512_Blue1.mat using Guid(663834164c6a04740aaa1b778249ce7e) Importer(815301076,1909f56bfc062723c751e8b465ee728b)  -> (artifact id: '6193c4f90ac8f29c6784e2857fca5254') in 0.174270 seconds 
========================================================================
Received Import Request.
  Time since last request: 0.000017 seconds.
  path: Assets/Thirdparty/Ciathyza/Gridbox Prototype Materials/Materials/Standard/Prototype_512x512_Red.mat
  artifactKey: Guid(5a26de236ce89e94b963be8fa2b7ade6) Importer(815301076,1909f56bfc062723c751e8b465ee728b)
Start importing Assets/Thirdparty/Ciathyza/Gridbox Prototype Materials/Materials/Standard/Prototype_512x512_Red.mat using Guid(5a26de236ce89e94b963be8fa2b7ade6) Importer(815301076,1909f56bfc062723c751e8b465ee728b)  -> (artifact id: 'dc7b653172ce74cc20e182b4fd5bdc88') in 0.011469 seconds 
========================================================================
Received Import Request.
  Time since last request: 0.000024 seconds.
  path: Assets/Thirdparty/Ciathyza/Gridbox Prototype Materials/Materials/Standard/Prototype_512x512_Green3.mat
  artifactKey: Guid(f6298605825d7154f8923c76872aa46e) Importer(815301076,1909f56bfc062723c751e8b465ee728b)
Start importing Assets/Thirdparty/Ciathyza/Gridbox Prototype Materials/Materials/Standard/Prototype_512x512_Green3.mat using Guid(f6298605825d7154f8923c76872aa46e) Importer(815301076,1909f56bfc062723c751e8b465ee728b)  -> (artifact id: '63839179a8b376424e95db5c18d10738') in 0.010643 seconds 
========================================================================
Received Import Request.
  Time since last request: 0.000019 seconds.
  path: Assets/Thirdparty/Ciathyza/Gridbox Prototype Materials/Materials/Standard/Prototype_512x512_Grey4.mat
  artifactKey: Guid(8d530ffe6c4968843806085897955b9d) Importer(815301076,1909f56bfc062723c751e8b465ee728b)
Start importing Assets/Thirdparty/Ciathyza/Gridbox Prototype Materials/Materials/Standard/Prototype_512x512_Grey4.mat using Guid(8d530ffe6c4968843806085897955b9d) Importer(815301076,1909f56bfc062723c751e8b465ee728b)  -> (artifact id: 'e18e620fe514a8a146e550760efe7373') in 0.009704 seconds 
========================================================================
Received Import Request.
  Time since last request: 0.000021 seconds.
  path: Assets/Thirdparty/Ciathyza/Gridbox Prototype Materials/Materials/Standard/Prototype_512x512_Blue3.mat
  artifactKey: Guid(b0b4de3bd6e976e4f8b3adc6e72377ed) Importer(815301076,1909f56bfc062723c751e8b465ee728b)
Start importing Assets/Thirdparty/Ciathyza/Gridbox Prototype Materials/Materials/Standard/Prototype_512x512_Blue3.mat using Guid(b0b4de3bd6e976e4f8b3adc6e72377ed) Importer(815301076,1909f56bfc062723c751e8b465ee728b)  -> (artifact id: 'd01c264d1b9de42f141495b8330bcb31') in 0.009847 seconds 
========================================================================
Received Import Request.
  Time since last request: 0.000014 seconds.
  path: Assets/Thirdparty/Ciathyza/Gridbox Prototype Materials/Materials/Standard/Prototype_512x512_Pink.mat
  artifactKey: Guid(4944e2c33c99f9f46a4796e2e746213e) Importer(815301076,1909f56bfc062723c751e8b465ee728b)
Start importing Assets/Thirdparty/Ciathyza/Gridbox Prototype Materials/Materials/Standard/Prototype_512x512_Pink.mat using Guid(4944e2c33c99f9f46a4796e2e746213e) Importer(815301076,1909f56bfc062723c751e8b465ee728b)  -> (artifact id: 'c1d05fda8173f01b83a2d6e28c8cbe21') in 0.009529 seconds 
========================================================================
Received Import Request.
  Time since last request: 0.000018 seconds.
  path: Assets/Thirdparty/Ciathyza/Gridbox Prototype Materials/Materials/Standard/Prototype_512x512_Orange.mat
  artifactKey: Guid(652107f36a28e44479c0b827dee5852a) Importer(815301076,1909f56bfc062723c751e8b465ee728b)
Start importing Assets/Thirdparty/Ciathyza/Gridbox Prototype Materials/Materials/Standard/Prototype_512x512_Orange.mat using Guid(652107f36a28e44479c0b827dee5852a) Importer(815301076,1909f56bfc062723c751e8b465ee728b)  -> (artifact id: '42a44a37921f8e97e8cf8122c79b91fb') in 0.009628 seconds 
========================================================================
Received Import Request.
  Time since last request: 0.000023 seconds.
  path: Assets/Thirdparty/Ciathyza/Gridbox Prototype Materials/Materials/Standard/Prototype_512x512_Grey1.mat
  artifactKey: Guid(c181c23a6120fbe4aadd5bb53a58dd78) Importer(815301076,1909f56bfc062723c751e8b465ee728b)
Start importing Assets/Thirdparty/Ciathyza/Gridbox Prototype Materials/Materials/Standard/Prototype_512x512_Grey1.mat using Guid(c181c23a6120fbe4aadd5bb53a58dd78) Importer(815301076,1909f56bfc062723c751e8b465ee728b)  -> (artifact id: '0b3c937ab5256cade653dba753342239') in 0.009532 seconds 
========================================================================
Received Import Request.
  Time since last request: 0.000026 seconds.
  path: Assets/Thirdparty/Ciathyza/Gridbox Prototype Materials/Materials/Standard/Prototype_512x512_Yellow.mat
  artifactKey: Guid(c852af001dae0064e9acaa832f1dadb7) Importer(815301076,1909f56bfc062723c751e8b465ee728b)
Start importing Assets/Thirdparty/Ciathyza/Gridbox Prototype Materials/Materials/Standard/Prototype_512x512_Yellow.mat using Guid(c852af001dae0064e9acaa832f1dadb7) Importer(815301076,1909f56bfc062723c751e8b465ee728b)  -> (artifact id: '6a12abae9ac147595b362ecd9426807e') in 0.009739 seconds 
========================================================================
Received Import Request.
  Time since last request: 0.000017 seconds.
  path: Assets/Thirdparty/Ciathyza/Gridbox Prototype Materials/Materials/Standard/Prototype_512x512_Brown.mat
  artifactKey: Guid(a54b7ad866d3a9b47bbf3b53baa0acc4) Importer(815301076,1909f56bfc062723c751e8b465ee728b)
Start importing Assets/Thirdparty/Ciathyza/Gridbox Prototype Materials/Materials/Standard/Prototype_512x512_Brown.mat using Guid(a54b7ad866d3a9b47bbf3b53baa0acc4) Importer(815301076,1909f56bfc062723c751e8b465ee728b)  -> (artifact id: '7e655d703513cedd1ff7dd97aa80953b') in 0.009144 seconds 
========================================================================
Received Import Request.
  Time since last request: 2.143465 seconds.
  path: Assets/Thirdparty/Ciathyza/Gridbox Prototype Materials/Materials/HDRP/Prototype_512x512_Blue1.mat
  artifactKey: Guid(0faf08228432a664cb2d46f4d1eee2b0) Importer(815301076,1909f56bfc062723c751e8b465ee728b)
Start importing Assets/Thirdparty/Ciathyza/Gridbox Prototype Materials/Materials/HDRP/Prototype_512x512_Blue1.mat using Guid(0faf08228432a664cb2d46f4d1eee2b0) Importer(815301076,1909f56bfc062723c751e8b465ee728b)  -> (artifact id: 'dd5a53c05271e4b8a15f95dafa844b93') in 0.009127 seconds 
========================================================================
Received Import Request.
  Time since last request: 0.000021 seconds.
  path: Assets/Thirdparty/Ciathyza/Gridbox Prototype Materials/Materials/HDRP/Prototype_512x512_Grey3.mat
  artifactKey: Guid(a66e312fee7fb6e469dec2f4daba4dcd) Importer(815301076,1909f56bfc062723c751e8b465ee728b)
Start importing Assets/Thirdparty/Ciathyza/Gridbox Prototype Materials/Materials/HDRP/Prototype_512x512_Grey3.mat using Guid(a66e312fee7fb6e469dec2f4daba4dcd) Importer(815301076,1909f56bfc062723c751e8b465ee728b)  -> (artifact id: 'eda983c4318e5c7b036159955887cd17') in 0.008018 seconds 
========================================================================
Received Import Request.
  Time since last request: 0.000019 seconds.
  path: Assets/Thirdparty/Ciathyza/Gridbox Prototype Materials/Materials/URP/Prototype_512x512_Cyan.mat
  artifactKey: Guid(3d9914e92c1db3f4caed885c92e0b7e9) Importer(815301076,1909f56bfc062723c751e8b465ee728b)
Start importing Assets/Thirdparty/Ciathyza/Gridbox Prototype Materials/Materials/URP/Prototype_512x512_Cyan.mat using Guid(3d9914e92c1db3f4caed885c92e0b7e9) Importer(815301076,1909f56bfc062723c751e8b465ee728b)  -> (artifact id: 'ff2a1e0ffd11c1de0f9ce234e3b52da6') in 0.007240 seconds 
========================================================================
Received Import Request.
  Time since last request: 0.000020 seconds.
  path: Assets/Thirdparty/Ciathyza/Gridbox Prototype Materials/Materials/HDRP/Prototype_512x512_Magenta.mat
  artifactKey: Guid(4f8daeaadc7b77c42b2004245caa7f63) Importer(815301076,1909f56bfc062723c751e8b465ee728b)
Start importing Assets/Thirdparty/Ciathyza/Gridbox Prototype Materials/Materials/HDRP/Prototype_512x512_Magenta.mat using Guid(4f8daeaadc7b77c42b2004245caa7f63) Importer(815301076,1909f56bfc062723c751e8b465ee728b)  -> (artifact id: 'eb114c408269210f629097be3130248f') in 0.008153 seconds 
========================================================================
Received Import Request.
  Time since last request: 0.000019 seconds.
  path: Assets/Thirdparty/Ciathyza/Gridbox Prototype Materials/Materials/URP/Prototype_512x512_Green1.mat
  artifactKey: Guid(74117f645ca87544896e430b75e9a316) Importer(815301076,1909f56bfc062723c751e8b465ee728b)
Start importing Assets/Thirdparty/Ciathyza/Gridbox Prototype Materials/Materials/URP/Prototype_512x512_Green1.mat using Guid(74117f645ca87544896e430b75e9a316) Importer(815301076,1909f56bfc062723c751e8b465ee728b)  -> (artifact id: 'e077efc676b72eeb1ce72a25f9a2b78b') in 0.006983 seconds 
========================================================================
Received Import Request.
  Time since last request: 0.000019 seconds.
  path: Assets/Thirdparty/Ciathyza/Gridbox Prototype Materials/Materials/HDRP/Prototype_512x512_Olive.mat
  artifactKey: Guid(a3b40d06620734d4fa8f4423d0f09692) Importer(815301076,1909f56bfc062723c751e8b465ee728b)
Start importing Assets/Thirdparty/Ciathyza/Gridbox Prototype Materials/Materials/HDRP/Prototype_512x512_Olive.mat using Guid(a3b40d06620734d4fa8f4423d0f09692) Importer(815301076,1909f56bfc062723c751e8b465ee728b)  -> (artifact id: 'e5b65d686203c9dded8339acdaf27261') in 0.007744 seconds 
========================================================================
Received Import Request.
  Time since last request: 0.000022 seconds.
  path: Assets/Thirdparty/Ciathyza/Gridbox Prototype Materials/Materials/HDRP/Prototype_512x512_Green3.mat
  artifactKey: Guid(8474bf551220f0e4993899dfdc95aed3) Importer(815301076,1909f56bfc062723c751e8b465ee728b)
Start importing Assets/Thirdparty/Ciathyza/Gridbox Prototype Materials/Materials/HDRP/Prototype_512x512_Green3.mat using Guid(8474bf551220f0e4993899dfdc95aed3) Importer(815301076,1909f56bfc062723c751e8b465ee728b)  -> (artifact id: '836c841a753f97ddca932ecfec4ad248') in 0.008577 seconds 
========================================================================
Received Import Request.
  Time since last request: 0.000019 seconds.
  path: Assets/Thirdparty/Ciathyza/Gridbox Prototype Materials/Materials/HDRP/Prototype_512x512_Brown.mat
  artifactKey: Guid(bb9ba0197f6873943824ae7aade506c9) Importer(815301076,1909f56bfc062723c751e8b465ee728b)
Start importing Assets/Thirdparty/Ciathyza/Gridbox Prototype Materials/Materials/HDRP/Prototype_512x512_Brown.mat using Guid(bb9ba0197f6873943824ae7aade506c9) Importer(815301076,1909f56bfc062723c751e8b465ee728b)  -> (artifact id: '6e9355369e83f28dc26e9a56ec1c7e5f') in 0.008009 seconds 
========================================================================
Received Import Request.
  Time since last request: 0.000015 seconds.
  path: Assets/Thirdparty/Ciathyza/Gridbox Prototype Materials/Materials/URP/Prototype_512x512_Grey3.mat
  artifactKey: Guid(981abf7a53e6a964fba6bc48555ec31a) Importer(815301076,1909f56bfc062723c751e8b465ee728b)
Start importing Assets/Thirdparty/Ciathyza/Gridbox Prototype Materials/Materials/URP/Prototype_512x512_Grey3.mat using Guid(981abf7a53e6a964fba6bc48555ec31a) Importer(815301076,1909f56bfc062723c751e8b465ee728b)  -> (artifact id: '3fe739662b0f29ba361b437bde047cc6') in 0.008568 seconds 
========================================================================
Received Import Request.
  Time since last request: 0.000018 seconds.
  path: Assets/Thirdparty/Ciathyza/Gridbox Prototype Materials/Materials/URP/Prototype_512x512_Blue3.mat
  artifactKey: Guid(f5ffb23c71776424f8f776c97d3fd190) Importer(815301076,1909f56bfc062723c751e8b465ee728b)
Start importing Assets/Thirdparty/Ciathyza/Gridbox Prototype Materials/Materials/URP/Prototype_512x512_Blue3.mat using Guid(f5ffb23c71776424f8f776c97d3fd190) Importer(815301076,1909f56bfc062723c751e8b465ee728b)  -> (artifact id: 'bbc33067193c9fbc927a9f1228ee06d2') in 0.007533 seconds 
========================================================================
Received Import Request.
  Time since last request: 0.000019 seconds.
  path: Assets/Thirdparty/Ciathyza/Gridbox Prototype Materials/Materials/URP/Prototype_512x512_Green3.mat
  artifactKey: Guid(bce32739db90b6843ac7f0179bcaa6b7) Importer(815301076,1909f56bfc062723c751e8b465ee728b)
Start importing Assets/Thirdparty/Ciathyza/Gridbox Prototype Materials/Materials/URP/Prototype_512x512_Green3.mat using Guid(bce32739db90b6843ac7f0179bcaa6b7) Importer(815301076,1909f56bfc062723c751e8b465ee728b)  -> (artifact id: 'e603b877385f055f123715d41b312cec') in 0.007597 seconds 
========================================================================
Received Import Request.
  Time since last request: 0.000017 seconds.
  path: Assets/Thirdparty/Ciathyza/Gridbox Prototype Materials/Materials/URP/Prototype_512x512_Blue2.mat
  artifactKey: Guid(e18ded4b611aa8f4a9f0f261d2f29537) Importer(815301076,1909f56bfc062723c751e8b465ee728b)
Start importing Assets/Thirdparty/Ciathyza/Gridbox Prototype Materials/Materials/URP/Prototype_512x512_Blue2.mat using Guid(e18ded4b611aa8f4a9f0f261d2f29537) Importer(815301076,1909f56bfc062723c751e8b465ee728b)  -> (artifact id: '1bb662457ea3296c1f24841c68d7724e') in 0.007537 seconds 
========================================================================
Received Import Request.
  Time since last request: 0.000675 seconds.
  path: Assets/Thirdparty/Ciathyza/Gridbox Prototype Materials/Materials/URP/Prototype_512x512_Grey4.mat
  artifactKey: Guid(4084a843b9ef6af45a63b7163f9fbefb) Importer(815301076,1909f56bfc062723c751e8b465ee728b)
Start importing Assets/Thirdparty/Ciathyza/Gridbox Prototype Materials/Materials/URP/Prototype_512x512_Grey4.mat using Guid(4084a843b9ef6af45a63b7163f9fbefb) Importer(815301076,1909f56bfc062723c751e8b465ee728b)  -> (artifact id: '302b20bff47d96fa86e05b4f8f078d5c') in 0.007578 seconds 
========================================================================
Received Import Request.
  Time since last request: 0.000021 seconds.
  path: Assets/Thirdparty/Ciathyza/Gridbox Prototype Materials/Materials/URP/Prototype_512x512_Grey1.mat
  artifactKey: Guid(dfc08c90188302847afb04f628582097) Importer(815301076,1909f56bfc062723c751e8b465ee728b)
Start importing Assets/Thirdparty/Ciathyza/Gridbox Prototype Materials/Materials/URP/Prototype_512x512_Grey1.mat using Guid(dfc08c90188302847afb04f628582097) Importer(815301076,1909f56bfc062723c751e8b465ee728b)  -> (artifact id: 'fa64a9f919ed97d0ceb95118e306b5ec') in 0.007583 seconds 
========================================================================
Received Import Request.
  Time since last request: 0.000022 seconds.
  path: Assets/Thirdparty/Ciathyza/Gridbox Prototype Materials/Materials/HDRP/Prototype_512x512_Orange.mat
  artifactKey: Guid(7e6b6a154cd59634b8e06a92e338ba2c) Importer(815301076,1909f56bfc062723c751e8b465ee728b)
Start importing Assets/Thirdparty/Ciathyza/Gridbox Prototype Materials/Materials/HDRP/Prototype_512x512_Orange.mat using Guid(7e6b6a154cd59634b8e06a92e338ba2c) Importer(815301076,1909f56bfc062723c751e8b465ee728b)  -> (artifact id: '86d1a22fc30e9eeef03464f4caf8a00e') in 0.007961 seconds 
========================================================================
Received Import Request.
  Time since last request: 4.997713 seconds.
  path: Assets/Thirdparty/Ciathyza/Gridbox Prototype Materials/Materials/HDRP/Prototype_512x512_Pink.mat
  artifactKey: Guid(9cbe122d0bf53f14ba269e044bc3f03b) Importer(815301076,1909f56bfc062723c751e8b465ee728b)
Start importing Assets/Thirdparty/Ciathyza/Gridbox Prototype Materials/Materials/HDRP/Prototype_512x512_Pink.mat using Guid(9cbe122d0bf53f14ba269e044bc3f03b) Importer(815301076,1909f56bfc062723c751e8b465ee728b)  -> (artifact id: '9a9436a7933292bbcda7f04576907e44') in 0.009358 seconds 
========================================================================
Received Import Request.
  Time since last request: 0.000019 seconds.
  path: Assets/Thirdparty/Ciathyza/Gridbox Prototype Materials/Materials/URP/Prototype_512x512_Red.mat
  artifactKey: Guid(a4b62a69d54e80347bd546999c6d4b9e) Importer(815301076,1909f56bfc062723c751e8b465ee728b)
Start importing Assets/Thirdparty/Ciathyza/Gridbox Prototype Materials/Materials/URP/Prototype_512x512_Red.mat using Guid(a4b62a69d54e80347bd546999c6d4b9e) Importer(815301076,1909f56bfc062723c751e8b465ee728b)  -> (artifact id: 'f569071af99a436fc9c2d44ccb1b2a35') in 0.008073 seconds 
========================================================================
Received Import Request.
  Time since last request: 1.029248 seconds.
  path: Assets/Thirdparty/Ciathyza/Gridbox Prototype Materials/Materials/URP/Prototype_512x512_White.mat
  artifactKey: Guid(2ab8149ec4775284bada96c1b85b4a09) Importer(815301076,1909f56bfc062723c751e8b465ee728b)
Start importing Assets/Thirdparty/Ciathyza/Gridbox Prototype Materials/Materials/URP/Prototype_512x512_White.mat using Guid(2ab8149ec4775284bada96c1b85b4a09) Importer(815301076,1909f56bfc062723c751e8b465ee728b)  -> (artifact id: '52246877b2eab6af1122150288036b77') in 0.007401 seconds 
Editor requested this worker to shutdown with reason: Scaling down because of idle timeout
AssetImportWorker is now disconnected from the server
Process exiting
Exiting without the bug reporter. Application will terminate with return code 0